<?xml version="1.0" encoding="utf-8"?><testsuites name="pytest tests"><testsuite name="pytest" errors="0" failures="0" skipped="0" tests="0" time="89.847" timestamp="2026-03-15T00:35:05.467168-03:00" hostname="labgrid-fcefyn"><properties><property name="ENV_CONFIG" value="targets/openwrt_one.yaml" /><property name="TARGETS" value="['main']" /><property name="TARGET_MAIN_REMOTE" value="+" /><property name="IMAGE_ROOT" value="/home/laryc/testbed_fcefyn/actions-runner/_work/libremesh-tests/libremesh-tests/tftp/openwrt_one/openwrt-mediatek-filogic-openwrt_one-initramfs.itb" /><property name="IMAGE_ROOT_GIT_COMMIT" value="180344fede0400123d3a2effaaf7eee26f2702c8" /></properties></testsuite></testsuites>