<?xml version="1.0" encoding="utf-8"?><testsuites name="pytest tests"><testsuite name="pytest" errors="0" failures="0" skipped="0" tests="0" time="47.317" timestamp="2026-03-13T00:34:20.458077-03:00" hostname="labgrid-fcefyn"><properties><property name="ENV_CONFIG" value="targets/linksys_e8450.yaml" /><property name="TARGETS" value="['main']" /><property name="TARGET_MAIN_REMOTE" value="+" /><property name="IMAGE_ROOT" value="/home/laryc/testbed_fcefyn/actions-runner/_work/libremesh-tests/libremesh-tests/tftp/linksys_e8450/openwrt-mediatek-mt7622-linksys_e8450-initramfs-kernel.bin" /><property name="IMAGE_ROOT_GIT_COMMIT" value="180344fede0400123d3a2effaaf7eee26f2702c8" /></properties></testsuite></testsuites>