<?xml version="1.0" encoding="utf-8"?><testsuites name="pytest tests"><testsuite name="pytest" errors="0" failures="0" skipped="3" tests="3" time="48.126" timestamp="2026-03-20T23:47:35.748225-03:00" hostname="labgrid-fcefyn"><properties><property name="ENV_CONFIG" value="targets/linksys_e8450.yaml" /><property name="TARGETS" value="['main']" /><property name="TARGET_MAIN_REMOTE" value="+" /><property name="IMAGE_ROOT" value="/home/laryc/testbed_fcefyn/actions-runner/_work/libremesh-tests/libremesh-tests/tftp/linksys_e8450/openwrt-24.10-snapshot-r29141-81be8a8869-mediatek-mt7622-linksys_e8450-initramfs-kernel.bin" /><property name="IMAGE_ROOT_GIT_COMMIT" value="180344fede0400123d3a2effaaf7eee26f2702c8" /></properties><testcase classname="tests.test_apk.TestApk" name="test_apk_procd_installed" time="0.001"><skipped type="pytest.skip" message="LG_FEATURE_APK not defined">/home/laryc/testbed_fcefyn/actions-runner/_work/libremesh-tests/libremesh-tests/tests/test_apk.py:10: LG_FEATURE_APK not defined</skipped></testcase><testcase classname="tests.test_apk.TestApk" name="test_apk_add_ucert" time="0.000"><skipped type="pytest.skip" message="LG_FEATURE_ONLINE not defined">/home/laryc/testbed_fcefyn/actions-runner/_work/libremesh-tests/libremesh-tests/tests/test_apk.py:13: LG_FEATURE_ONLINE not defined</skipped></testcase><testcase classname="tests.test_apk.TestApk" name="test_apk_audit" time="0.000"><skipped type="pytest.skip" message="LG_FEATURE_APK not defined">/home/laryc/testbed_fcefyn/actions-runner/_work/libremesh-tests/libremesh-tests/tests/test_apk.py:23: LG_FEATURE_APK not defined</skipped></testcase></testsuite></testsuites>